2248 [background-preinit] INFO  o.h.validator.internal.util.Version –HV000001: Hibernate Validator 6.1.7.Final
2449 [restartedMain] INFO  com.example.demo.JavaApplication –Starting JavaApplication using Java 15.0.2 on Best-Komp with PID 1820 (C:\Users\Admin\IdeaProjects\kursach_Java_Patterns\target\classes started by Admin in C:\Users\Admin\IdeaProjects\kursach_Java_Patterns)
2449 [restartedMain] INFO  com.example.demo.JavaApplication –No active profile set, falling back to default profiles: default
2786 [restartedMain] INFO  o.s.b.d.e.DevToolsPropertyDefaultsPostProcessor –Devtools property defaults active! Set 'spring.devtools.add-properties' to 'false' to disable
2786 [restartedMain] INFO  o.s.b.d.e.DevToolsPropertyDefaultsPostProcessor –For additional web related logging consider setting the 'logging.level.web' property to 'DEBUG'
7197 [restartedMain] INFO  o.s.d.r.c.RepositoryConfigurationDelegate –Bootstrapping Spring Data JPA repositories in DEFAULT mode.
7374 [restartedMain] INFO  o.s.d.r.c.RepositoryConfigurationDelegate –Finished Spring Data repository scanning in 165 ms. Found 4 JPA repository interfaces.
9038 [restartedMain] INFO  o.s.b.w.e.tomcat.TomcatWebServer –Tomcat initialized with port(s): 8080 (http)
9081 [restartedMain] INFO  o.a.coyote.http11.Http11NioProtocol –Initializing ProtocolHandler ["http-nio-8080"]
9081 [restartedMain] INFO  o.a.catalina.core.StandardService –Starting service [Tomcat]
9081 [restartedMain] INFO  o.a.catalina.core.StandardEngine –Starting Servlet engine: [Apache Tomcat/9.0.44]
9249 [restartedMain] INFO  o.a.c.c.C.[Tomcat].[localhost].[/] –Initializing Spring embedded WebApplicationContext
9249 [restartedMain] INFO  o.s.b.w.s.c.ServletWebServerApplicationContext –Root WebApplicationContext: initialization completed in 6463 ms
9756 [restartedMain] INFO  o.h.jpa.internal.util.LogHelper –HHH000204: Processing PersistenceUnitInfo [name: default]
10091 [restartedMain] INFO  org.hibernate.Version –HHH000412: Hibernate ORM core version 5.4.29.Final
10583 [restartedMain] INFO  o.h.annotations.common.Version –HCANN000001: Hibernate Commons Annotations {5.1.2.Final}
10752 [restartedMain] INFO  com.zaxxer.hikari.HikariDataSource –HikariPool-1 - Starting...
11364 [restartedMain] INFO  com.zaxxer.hikari.HikariDataSource –HikariPool-1 - Start completed.
11428 [restartedMain] INFO  org.hibernate.dialect.Dialect –HHH000400: Using dialect: org.hibernate.dialect.PostgreSQLDialect
13462 [restartedMain] INFO  o.h.e.t.j.p.i.JtaPlatformInitiator –HHH000490: Using JtaPlatform implementation: [org.hibernate.engine.transaction.jta.platform.internal.NoJtaPlatform]
13470 [restartedMain] INFO  o.s.o.j.LocalContainerEntityManagerFactoryBean –Initialized JPA EntityManagerFactory for persistence unit 'default'
13782 [restartedMain] INFO  o.s.b.d.a.OptionalLiveReloadServer –LiveReload server is running on port 35729
14534 [restartedMain] WARN  o.s.b.a.o.j.JpaBaseConfiguration$JpaWebConfiguration –spring.jpa.open-in-view is enabled by default. Therefore, database queries may be performed during view rendering. Explicitly configure spring.jpa.open-in-view to disable this warning
14878 [restartedMain] INFO  o.s.s.w.DefaultSecurityFilterChain –Will secure any request with [org.springframework.security.web.context.request.async.WebAsyncManagerIntegrationFilter@78f92741, org.springframework.security.web.context.SecurityContextPersistenceFilter@79991c6b, org.springframework.security.web.header.HeaderWriterFilter@7c84d74c, org.springframework.security.web.authentication.logout.LogoutFilter@206068f9, org.springframework.security.web.authentication.UsernamePasswordAuthenticationFilter@300fc7b2, org.springframework.security.web.authentication.ui.DefaultLoginPageGeneratingFilter@4ba5f6ff, org.springframework.security.web.authentication.ui.DefaultLogoutPageGeneratingFilter@330e7563, org.springframework.security.web.savedrequest.RequestCacheAwareFilter@32264499, org.springframework.security.web.servletapi.SecurityContextHolderAwareRequestFilter@292b171c, org.springframework.security.web.authentication.AnonymousAuthenticationFilter@48d801db, org.springframework.security.web.session.SessionManagementFilter@6f071d22, org.springframework.security.web.access.ExceptionTranslationFilter@327ab26d, org.springframework.security.web.access.intercept.FilterSecurityInterceptor@6d2d4066]
15110 [restartedMain] INFO  o.s.s.c.ThreadPoolTaskExecutor –Initializing ExecutorService 'applicationTaskExecutor'
16080 [restartedMain] INFO  o.s.b.a.e.web.EndpointLinksResolver –Exposing 2 endpoint(s) beneath base path '/actuator'
16176 [restartedMain] INFO  o.a.coyote.http11.Http11NioProtocol –Starting ProtocolHandler ["http-nio-8080"]
16216 [restartedMain] INFO  o.s.b.w.e.tomcat.TomcatWebServer –Tomcat started on port(s): 8080 (http) with context path ''
16248 [restartedMain] INFO  o.s.s.a.ScheduledAnnotationBeanPostProcessor –No TaskScheduler/ScheduledExecutorService bean found for scheduled processing
16288 [pool-2-thread-1] INFO  com.example.demo.log.Aspect –Parameters: {}
16296 [restartedMain] INFO  com.example.demo.JavaApplication –Started JavaApplication in 15.075 seconds (JVM running for 18.318)
16296 [pool-2-thread-1] INFO  c.example.demo.service.ShopService –Found all shops
16440 [pool-2-thread-1] INFO  com.example.demo.log.Aspect –Parameters: {}
16448 [pool-2-thread-1] INFO  c.e.demo.service.RecordService –Found all records
1429 [restartedMain] INFO  com.example.demo.JavaApplication –Starting JavaApplication using Java 15.0.2 on Best-Komp with PID 6796 (C:\Users\Admin\IdeaProjects\kursach_Java_Patterns\target\classes started by Admin in C:\Users\Admin\IdeaProjects\kursach_Java_Patterns)
1429 [background-preinit] INFO  o.h.validator.internal.util.Version –HV000001: Hibernate Validator 6.1.7.Final
1436 [restartedMain] INFO  com.example.demo.JavaApplication –No active profile set, falling back to default profiles: default
1485 [restartedMain] INFO  o.s.b.d.e.DevToolsPropertyDefaultsPostProcessor –Devtools property defaults active! Set 'spring.devtools.add-properties' to 'false' to disable
1485 [restartedMain] INFO  o.s.b.d.e.DevToolsPropertyDefaultsPostProcessor –For additional web related logging consider setting the 'logging.level.web' property to 'DEBUG'
2664 [restartedMain] INFO  o.s.d.r.c.RepositoryConfigurationDelegate –Bootstrapping Spring Data JPA repositories in DEFAULT mode.
2728 [restartedMain] INFO  o.s.d.r.c.RepositoryConfigurationDelegate –Finished Spring Data repository scanning in 63 ms. Found 4 JPA repository interfaces.
3464 [restartedMain] INFO  o.s.b.w.e.tomcat.TomcatWebServer –Tomcat initialized with port(s): 8080 (http)
3472 [restartedMain] INFO  o.a.coyote.http11.Http11NioProtocol –Initializing ProtocolHandler ["http-nio-8080"]
3472 [restartedMain] INFO  o.a.catalina.core.StandardService –Starting service [Tomcat]
3472 [restartedMain] INFO  o.a.catalina.core.StandardEngine –Starting Servlet engine: [Apache Tomcat/9.0.44]
3576 [restartedMain] INFO  o.a.c.c.C.[Tomcat].[localhost].[/] –Initializing Spring embedded WebApplicationContext
3576 [restartedMain] INFO  o.s.b.w.s.c.ServletWebServerApplicationContext –Root WebApplicationContext: initialization completed in 2083 ms
3808 [restartedMain] INFO  o.h.jpa.internal.util.LogHelper –HHH000204: Processing PersistenceUnitInfo [name: default]
3840 [restartedMain] INFO  org.hibernate.Version –HHH000412: Hibernate ORM core version 5.4.29.Final
3944 [restartedMain] INFO  o.h.annotations.common.Version –HCANN000001: Hibernate Commons Annotations {5.1.2.Final}
4037 [restartedMain] INFO  com.zaxxer.hikari.HikariDataSource –HikariPool-1 - Starting...
4221 [restartedMain] INFO  com.zaxxer.hikari.HikariDataSource –HikariPool-1 - Start completed.
4237 [restartedMain] INFO  org.hibernate.dialect.Dialect –HHH000400: Using dialect: org.hibernate.dialect.PostgreSQLDialect
5269 [restartedMain] INFO  o.h.e.t.j.p.i.JtaPlatformInitiator –HHH000490: Using JtaPlatform implementation: [org.hibernate.engine.transaction.jta.platform.internal.NoJtaPlatform]
5277 [restartedMain] INFO  o.s.o.j.LocalContainerEntityManagerFactoryBean –Initialized JPA EntityManagerFactory for persistence unit 'default'
5421 [restartedMain] INFO  o.s.b.d.a.OptionalLiveReloadServer –LiveReload server is running on port 35729
5925 [restartedMain] WARN  o.s.b.a.o.j.JpaBaseConfiguration$JpaWebConfiguration –spring.jpa.open-in-view is enabled by default. Therefore, database queries may be performed during view rendering. Explicitly configure spring.jpa.open-in-view to disable this warning
6117 [restartedMain] INFO  o.s.s.w.DefaultSecurityFilterChain –Will secure any request with [org.springframework.security.web.context.request.async.WebAsyncManagerIntegrationFilter@552f9596, org.springframework.security.web.context.SecurityContextPersistenceFilter@5722e428, org.springframework.security.web.header.HeaderWriterFilter@b46fb86, org.springframework.security.web.authentication.logout.LogoutFilter@31ed6d73, org.springframework.security.web.authentication.UsernamePasswordAuthenticationFilter@5fc50557, org.springframework.security.web.authentication.ui.DefaultLoginPageGeneratingFilter@b3fe254, org.springframework.security.web.authentication.ui.DefaultLogoutPageGeneratingFilter@5bcb47a1, org.springframework.security.web.savedrequest.RequestCacheAwareFilter@54088be6, org.springframework.security.web.servletapi.SecurityContextHolderAwareRequestFilter@162f843d, org.springframework.security.web.authentication.AnonymousAuthenticationFilter@22c41854, org.springframework.security.web.session.SessionManagementFilter@4ac98b7e, org.springframework.security.web.access.ExceptionTranslationFilter@7dec657, org.springframework.security.web.access.intercept.FilterSecurityInterceptor@5d8a7171]
6261 [restartedMain] INFO  o.s.s.c.ThreadPoolTaskExecutor –Initializing ExecutorService 'applicationTaskExecutor'
6945 [restartedMain] INFO  o.s.b.a.e.web.EndpointLinksResolver –Exposing 2 endpoint(s) beneath base path '/actuator'
6993 [restartedMain] INFO  o.a.coyote.http11.Http11NioProtocol –Starting ProtocolHandler ["http-nio-8080"]
7017 [restartedMain] INFO  o.s.b.w.e.tomcat.TomcatWebServer –Tomcat started on port(s): 8080 (http) with context path ''
7041 [restartedMain] INFO  o.s.s.a.ScheduledAnnotationBeanPostProcessor –No TaskScheduler/ScheduledExecutorService bean found for scheduled processing
7049 [restartedMain] INFO  com.example.demo.JavaApplication –Started JavaApplication in 6.181 seconds (JVM running for 7.871)
7057 [pool-1-thread-1] INFO  com.example.demo.log.Aspect –Parameters: {}
7065 [pool-1-thread-1] INFO  c.example.demo.service.ShopService –Found all shops
7145 [pool-1-thread-1] INFO  com.example.demo.log.Aspect –Parameters: {}
7153 [pool-1-thread-1] INFO  c.e.demo.service.RecordService –Found all records
7340 [RMI TCP Connection(1)-172.18.33.49] INFO  o.a.c.c.C.[Tomcat].[localhost].[/] –Initializing Spring DispatcherServlet 'dispatcherServlet'
7340 [RMI TCP Connection(1)-172.18.33.49] INFO  o.s.web.servlet.DispatcherServlet –Initializing Servlet 'dispatcherServlet'
7340 [RMI TCP Connection(1)-172.18.33.49] INFO  o.s.web.servlet.DispatcherServlet –Completed initialization in 0 ms
284231 [http-nio-8080-exec-1] INFO  com.example.demo.log.Aspect –Parameters: USER
284841 [http-nio-8080-exec-1] INFO  com.example.demo.log.Aspect –Parameters: com.example.demo.components.User@37e33156
291162 [http-nio-8080-exec-9] INFO  com.example.demo.log.Aspect –Parameters: doshikking
291470 [http-nio-8080-exec-10] INFO  com.example.demo.log.Aspect –Parameters: doshikking
291476 [http-nio-8080-exec-10] INFO  com.example.demo.log.Aspect –Parameters: {}
291476 [http-nio-8080-exec-10] INFO  c.example.demo.service.ShopService –Found all shops
525749 [http-nio-8080-exec-7] INFO  com.example.demo.log.Aspect –Parameters: admin
592018 [http-nio-8080-exec-1] INFO  com.example.demo.log.Aspect –Parameters: admin
592161 [http-nio-8080-exec-2] INFO  com.example.demo.log.Aspect –Parameters: admin
592165 [http-nio-8080-exec-2] INFO  com.example.demo.log.Aspect –Parameters: {}
592165 [http-nio-8080-exec-2] INFO  c.example.demo.service.ShopService –Found all shops
616783 [http-nio-8080-exec-4] INFO  com.example.demo.log.Aspect –Parameters: admin
616788 [http-nio-8080-exec-4] INFO  com.example.demo.log.Aspect –Parameters: {}
616788 [http-nio-8080-exec-4] INFO  c.example.demo.service.ShopService –Found all shops
624807 [http-nio-8080-exec-8] INFO  com.example.demo.log.Aspect –Parameters: doshikking
624950 [http-nio-8080-exec-9] INFO  com.example.demo.log.Aspect –Parameters: doshikking
624955 [http-nio-8080-exec-9] INFO  com.example.demo.log.Aspect –Parameters: {}
624955 [http-nio-8080-exec-9] INFO  c.example.demo.service.ShopService –Found all shops
634208 [http-nio-8080-exec-1] INFO  com.example.demo.log.Aspect –Parameters: doshikking
634211 [http-nio-8080-exec-1] INFO  com.example.demo.log.Aspect –Parameters: {}
634211 [http-nio-8080-exec-1] INFO  c.example.demo.service.ShopService –Found all shops
